{"level":"info","msg":"Application starting...","time":"2025-11-30T11:06:11+08:00"}
{"app":"Blog-Server","level":"info","mode":"debug","msg":"Application configuration loaded","time":"2025-11-30T11:06:11+08:00","version":"v1.0.0"}
{"dbname":"blog_db","host":"127.0.0.1","level":"info","msg":"Connecting to database","port":3306,"time":"2025-11-30T11:06:11+08:00"}
{"level":"info","msg":"Starting database migration","time":"2025-11-30T11:06:11+08:00"}
{"level":"info","msg":"Database connected successfully","time":"2025-11-30T11:06:11+08:00"}
{"level":"info","msg":"Blog-Server v1.0.0 starting on port 8080","time":"2025-11-30T11:06:11+08:00"}
{"level":"info","msg":"Server running on http://localhost:8080","time":"2025-11-30T11:06:11+08:00"}
{"level":"info","msg":"User logged in successfully","time":"2025-11-30T11:08:34+08:00","user_id":2,"username":"zhangsan"}
{"level":"info","msg":"Post created successfully","post_id":3,"time":"2025-11-30T11:09:56+08:00","user_id":2}
{"level":"info","msg":"Post created successfully","post_id":4,"time":"2025-11-30T11:10:54+08:00","user_id":2}
{"level":"info","msg":"Application starting...","time":"2025-11-30T11:23:49+08:00"}
{"app":"Blog-Server","level":"info","mode":"debug","msg":"Application configuration loaded","time":"2025-11-30T11:23:49+08:00","version":"v1.0.0"}
{"dbname":"blog_db","host":"127.0.0.1","level":"info","msg":"Connecting to database","port":3306,"time":"2025-11-30T11:23:49+08:00"}
{"level":"info","msg":"Starting database migration","time":"2025-11-30T11:23:49+08:00"}
{"level":"info","msg":"Database connected successfully","time":"2025-11-30T11:23:49+08:00"}
{"level":"info","msg":"Blog-Server v1.0.0 starting on port 8080","time":"2025-11-30T11:23:49+08:00"}
{"level":"info","msg":"Server running on http://localhost:8080","time":"2025-11-30T11:23:49+08:00"}
{"level":"info","msg":"Post created successfully","post_id":5,"time":"2025-11-30T11:26:20+08:00","user_id":2}
{"level":"info","msg":"Post updated successfully","post_id":5,"time":"2025-11-30T11:27:17+08:00","user_id":2}
{"level":"warning","msg":"Attempt to delete another user's post","post_id":1,"post_owner":1,"time":"2025-11-30T11:27:38+08:00","user_id":2}
{"level":"info","msg":"Post deleted successfully","post_id":5,"time":"2025-11-30T11:28:20+08:00","user_id":2}
{"level":"info","msg":"User registered successfully","time":"2025-11-30T11:34:36+08:00","user_id":3,"username":"lisi"}
{"level":"info","msg":"Application starting...","time":"2025-11-30T11:56:07+08:00"}
{"app":"Blog-Server","level":"info","mode":"debug","msg":"Application configuration loaded","time":"2025-11-30T11:56:07+08:00","version":"v1.0.0"}
{"dbname":"blog_db","host":"127.0.0.1","level":"info","msg":"Connecting to database","port":3306,"time":"2025-11-30T11:56:07+08:00"}
{"level":"info","msg":"Starting database migration","time":"2025-11-30T11:56:07+08:00"}
{"level":"info","msg":"Database connected successfully","time":"2025-11-30T11:56:07+08:00"}
{"level":"info","msg":"Blog-Server v1.0.0 starting on port 8080","time":"2025-11-30T11:56:07+08:00"}
{"level":"info","msg":"Server running on http://localhost:8080","time":"2025-11-30T11:56:07+08:00"}
{"level":"info","msg":"Application starting...","time":"2025-11-30T11:58:27+08:00"}
{"app":"Blog-Server","level":"info","mode":"debug","msg":"Application configuration loaded","time":"2025-11-30T11:58:27+08:00","version":"v1.0.0"}
{"dbname":"blog_db","host":"127.0.0.1","level":"info","msg":"Connecting to database","port":3306,"time":"2025-11-30T11:58:27+08:00"}
{"level":"info","msg":"Starting database migration","time":"2025-11-30T11:58:27+08:00"}
{"level":"info","msg":"Database connected successfully","time":"2025-11-30T11:58:27+08:00"}
{"level":"info","msg":"Blog-Server v1.0.0 starting on port 8080","time":"2025-11-30T11:58:27+08:00"}
{"level":"info","msg":"Server running on http://localhost:8080","time":"2025-11-30T11:58:27+08:00"}
{"level":"info","msg":"Application starting...","time":"2025-11-30T12:03:02+08:00"}
{"app":"Blog-Server","level":"info","mode":"debug","msg":"Application configuration loaded","time":"2025-11-30T12:03:02+08:00","version":"v1.0.0"}
{"dbname":"blog_db","host":"127.0.0.1","level":"info","msg":"Connecting to database","port":3306,"time":"2025-11-30T12:03:02+08:00"}
{"level":"info","msg":"Starting database migration","time":"2025-11-30T12:03:02+08:00"}
{"level":"info","msg":"Database connected successfully","time":"2025-11-30T12:03:02+08:00"}
{"level":"info","msg":"Blog-Server v1.0.0 starting on port 8080","time":"2025-11-30T12:03:02+08:00"}
{"level":"info","msg":"Server running on http://localhost:8080","time":"2025-11-30T12:03:02+08:00"}
{"level":"info","msg":"Application starting...","time":"2025-11-30T12:03:12+08:00"}
{"app":"Blog-Server","level":"info","mode":"debug","msg":"Application configuration loaded","time":"2025-11-30T12:03:12+08:00","version":"v1.0.0"}
{"dbname":"blog_db","host":"127.0.0.1","level":"info","msg":"Connecting to database","port":3306,"time":"2025-11-30T12:03:12+08:00"}
{"level":"info","msg":"Starting database migration","time":"2025-11-30T12:03:12+08:00"}
{"level":"info","msg":"Database connected successfully","time":"2025-11-30T12:03:12+08:00"}
{"level":"info","msg":"Blog-Server v1.0.0 starting on port 8080","time":"2025-11-30T12:03:12+08:00"}
{"level":"info","msg":"Server running on http://localhost:8080","time":"2025-11-30T12:03:12+08:00"}
{"level":"info","msg":"Application starting...","time":"2025-11-30T12:11:09+08:00"}
{"app":"Blog-Server","level":"info","mode":"debug","msg":"Application configuration loaded","time":"2025-11-30T12:11:09+08:00","version":"v1.0.0"}
{"dbname":"blog_db","host":"127.0.0.1","level":"info","msg":"Connecting to database","port":3306,"time":"2025-11-30T12:11:09+08:00"}
{"level":"info","msg":"Starting database migration","time":"2025-11-30T12:11:09+08:00"}
{"level":"info","msg":"Database connected successfully","time":"2025-11-30T12:11:09+08:00"}
{"level":"info","msg":"Blog-Server v1.0.0 starting on port 8080","time":"2025-11-30T12:11:09+08:00"}
{"level":"info","msg":"Server running on http://localhost:8080","time":"2025-11-30T12:11:09+08:00"}
{"level":"info","msg":"Application starting...","time":"2026-03-19T17:36:24+08:00"}
{"app":"Blog-Server","level":"info","mode":"debug","msg":"Application configuration loaded","time":"2026-03-19T17:36:24+08:00","version":"v1.0.0"}
{"dbname":"blog_db","host":"127.0.0.1","level":"info","msg":"Connecting to database","port":3306,"time":"2026-03-19T17:36:24+08:00"}
{"level":"info","msg":"Starting database migration","time":"2026-03-19T17:36:24+08:00"}
{"level":"info","msg":"Database connected successfully","time":"2026-03-19T17:36:24+08:00"}
{"level":"info","msg":"Blog-Server v1.0.0 starting on port 8080","time":"2026-03-19T17:36:24+08:00"}
{"level":"info","msg":"Server running on http://localhost:8080","time":"2026-03-19T17:36:24+08:00"}
{"level":"info","msg":"Application starting...","time":"2026-05-28T09:17:48+08:00"}
{"app":"Blog-Server","level":"info","mode":"debug","msg":"Application configuration loaded","time":"2026-05-28T09:17:48+08:00","version":"v1.0.0"}
{"dbname":"blog_db","host":"127.0.0.1","level":"info","msg":"Connecting to database","port":3306,"time":"2026-05-28T09:17:48+08:00"}
{"level":"info","msg":"Starting database migration","time":"2026-05-28T09:17:48+08:00"}
{"level":"info","msg":"Database connected successfully","time":"2026-05-28T09:17:48+08:00"}
{"level":"info","msg":"Blog-Server v1.0.0 starting on port 8080","time":"2026-05-28T09:17:48+08:00"}
{"level":"info","msg":"Server running on http://localhost:8080","time":"2026-05-28T09:17:48+08:00"}
{"email":"987654321@163.com","level":"warning","msg":"Register attempt with existing username or email","time":"2026-05-28T09:38:34+08:00","username":"lisi"}
{"level":"info","msg":"User registered successfully","time":"2026-05-28T09:39:57+08:00","user_id":4,"username":"xiaowu"}
{"level":"info","msg":"User logged in successfully","time":"2026-05-28T09:40:07+08:00","user_id":4,"username":"xiaowu"}
{"error":"invalid password","level":"warning","msg":"Login attempt with invalid password","time":"2026-05-28T09:41:01+08:00","username":"zhangsan"}
{"error":"invalid password","level":"warning","msg":"Login attempt with invalid password","time":"2026-05-28T09:41:08+08:00","username":"zhangsan"}
{"error":"invalid password","level":"warning","msg":"Login attempt with invalid password","time":"2026-05-28T09:41:25+08:00","username":"zhangsan"}
{"error":"invalid password","level":"warning","msg":"Login attempt with invalid password","time":"2026-05-28T09:41:53+08:00","username":"zhangsan"}
{"level":"info","msg":"User logged in successfully","time":"2026-05-28T09:42:15+08:00","user_id":4,"username":"xiaowu"}
{"level":"info","msg":"Post created successfully","post_id":6,"time":"2026-05-28T09:43:00+08:00","user_id":4}
{"level":"info","msg":"Application starting...","time":"2026-05-28T09:55:07+08:00"}
{"app":"Blog-Server","level":"info","mode":"debug","msg":"Application configuration loaded","time":"2026-05-28T09:55:07+08:00","version":"v1.0.0"}
{"dbname":"blog_db","host":"127.0.0.1","level":"info","msg":"Connecting to database","port":3306,"time":"2026-05-28T09:55:07+08:00"}
{"level":"info","msg":"Starting database migration","time":"2026-05-28T09:55:07+08:00"}
{"level":"info","msg":"Database connected successfully","time":"2026-05-28T09:55:07+08:00"}
{"level":"info","msg":"Blog-Server v1.0.0 starting on port 8080","time":"2026-05-28T09:55:07+08:00"}
{"level":"info","msg":"Server running on http://localhost:8080","time":"2026-05-28T09:55:07+08:00"}
{"level":"info","msg":"User logged in successfully","time":"2026-05-28T09:55:31+08:00","user_id":2,"username":"zhangsan"}
{"level":"info","msg":"User logged in successfully","time":"2026-05-28T10:03:34+08:00","user_id":2,"username":"zhangsan"}
{"error":"invalid password","level":"warning","msg":"Login attempt with invalid password","time":"2026-05-28T10:20:28+08:00","username":"lisi"}
{"error":"invalid password","level":"warning","msg":"Login attempt with invalid password","time":"2026-05-28T10:20:35+08:00","username":"lisi"}
{"level":"info","msg":"User logged in successfully","time":"2026-05-28T10:20:39+08:00","user_id":3,"username":"lisi"}
{"error":"user not found","level":"warning","msg":"Login attempt for non-existent user","time":"2026-05-28T10:21:24+08:00","username":"as"}
{"error":"user not found","level":"warning","msg":"Login attempt for non-existent user","time":"2026-05-28T10:21:59+08:00","username":"as"}
{"error":"user not found","level":"warning","msg":"Login attempt for non-existent user","time":"2026-05-28T10:28:12+08:00","username":"123"}
{"level":"info","msg":"Application starting...","time":"2026-05-28T11:09:48+08:00"}
{"app":"Blog-Server","level":"info","mode":"debug","msg":"Application configuration loaded","time":"2026-05-28T11:09:48+08:00","version":"v1.0.0"}
{"dbname":"blog_db","host":"127.0.0.1","level":"info","msg":"Connecting to database","port":3306,"time":"2026-05-28T11:09:48+08:00"}
{"level":"info","msg":"Starting database migration","time":"2026-05-28T11:09:48+08:00"}
{"level":"info","msg":"Database connected successfully","time":"2026-05-28T11:09:48+08:00"}
{"level":"info","msg":"Blog-Server v1.0.0 starting on port 8080","time":"2026-05-28T11:09:48+08:00"}
{"level":"info","msg":"Server running on http://localhost:8080","time":"2026-05-28T11:09:48+08:00"}
{"error":"user not found","level":"warning","msg":"Login attempt for non-existent user","time":"2026-05-28T11:09:56+08:00","username":"123"}
{"level":"info","msg":"User logged in successfully","time":"2026-05-28T11:10:04+08:00","user_id":2,"username":"zhangsan"}
{"level":"info","msg":"User logged in successfully","time":"2026-05-28T11:10:30+08:00","user_id":4,"username":"xiaowu"}
